<?xml version="1.0" encoding="UTF-8"?>
<!-- Generated by org.testng.reporters.JUnitXMLReporter -->
<testsuite ignored="0" hostname="DESKTOP-HV34TKK" failures="1" tests="1" name="FirefoxTest" time="93.991" errors="0" timestamp="2020-10-31T16:52:53 IST">
  <testcase classname="com.qa.test.MobileSearchTest" name="getProductDetailsTest" time="61.593">
    <failure type="org.openqa.selenium.TimeoutException" message="Expected condition failed: waiting for invisibility of all elements [[[FirefoxDriver: firefox on WINDOWS (728b38d4-4ebf-480d-9d21-445f26573235)] -&amp;gt; xpath: //*[@class=&amp;apos;_3wU53n&amp;apos;]], [[FirefoxDriver: firefox on WINDOWS (728b38d4-4ebf-480d-9d21-445f26573235)] -&amp;gt; xpath: //*[@class=&amp;apos;_3wU53n&amp;apos;]], [[FirefoxDriver: firefox on WINDOWS (728b38d4-4ebf-480d-9d21-445f26573235)] -&amp;gt; xpath: //*[@class=&amp;apos;_3wU53n&amp;apos;]], [[FirefoxDriver: firefox on WINDOWS (728b38d4-4ebf-480d-9d21-445f26573235)] -&amp;gt; xpath: //*[@class=&amp;apos;_3wU53n&amp;apos;]], [[FirefoxDriver: firefox on WINDOWS (728b38d4-4ebf-480d-9d21-445f26573235)] -&amp;gt; xpath: //*[@class=&amp;apos;_3wU53n&amp;apos;]], [[FirefoxDriver: firefox on WINDOWS (728b38d4-4ebf-480d-9d21-445f26573235)] -&amp;gt; xpath: //*[@class=&amp;apos;_3wU53n&amp;apos;]], [[FirefoxDriver: firefox on WINDOWS (728b38d4-4ebf-480d-9d21-445f26573235)] -&amp;gt; xpath: //*[@class=&amp;apos;_3wU53n&amp;apos;]], [[FirefoxDriver: firefox on WINDOWS (728b38d4-4ebf-480d-9d21-445f26573235)] -&amp;gt; xpath: //*[@class=&amp;apos;_3wU53n&amp;apos;]], [[FirefoxDriver: firefox on WINDOWS (728b38d4-4ebf-480d-9d21-445f26573235)] -&amp;gt; xpath: //*[@class=&amp;apos;_3wU53n&amp;apos;]], [[FirefoxDriver: firefox on WINDOWS (728b38d4-4ebf-480d-9d21-445f26573235)] -&amp;gt; xpath: //*[@class=&amp;apos;_3wU53n&amp;apos;]], [[FirefoxDriver: firefox on WINDOWS (728b38d4-4ebf-480d-9d21-445f26573235)] -&amp;gt; xpath: //*[@class=&amp;apos;_3wU53n&amp;apos;]], [[FirefoxDriver: firefox on WINDOWS (728b38d4-4ebf-480d-9d21-445f26573235)] -&amp;gt; xpath: //*[@class=&amp;apos;_3wU53n&amp;apos;]], [[FirefoxDriver: firefox on WINDOWS (728b38d4-4ebf-480d-9d21-445f26573235)] -&amp;gt; xpath: //*[@class=&amp;apos;_3wU53n&amp;apos;]], [[FirefoxDriver: firefox on WINDOWS (728b38d4-4ebf-480d-9d21-445f26573235)] -&amp;gt; xpath: //*[@class=&amp;apos;_3wU53n&amp;apos;]], [[FirefoxDriver: firefox on WINDOWS (728b38d4-4ebf-480d-9d21-445f26573235)] -&amp;gt; xpath: //*[@class=&amp;apos;_3wU53n&amp;apos;]], [[FirefoxDriver: firefox on WINDOWS (728b38d4-4ebf-480d-9d21-445f26573235)] -&amp;gt; xpath: //*[@class=&amp;apos;_3wU53n&amp;apos;]], [[FirefoxDriver: firefox on WINDOWS (728b38d4-4ebf-480d-9d21-445f26573235)] -&amp;gt; xpath: //*[@class=&amp;apos;_3wU53n&amp;apos;]], [[FirefoxDriver: firefox on WINDOWS (728b38d4-4ebf-480d-9d21-445f26573235)] -&amp;gt; xpath: //*[@class=&amp;apos;_3wU53n&amp;apos;]], [[FirefoxDriver: firefox on WINDOWS (728b38d4-4ebf-480d-9d21-445f26573235)] -&amp;gt; xpath: //*[@class=&amp;apos;_3wU53n&amp;apos;]], [[FirefoxDriver: firefox on WINDOWS (728b38d4-4ebf-480d-9d21-445f26573235)] -&amp;gt; xpath: //*[@class=&amp;apos;_3wU53n&amp;apos;]], [[FirefoxDriver: firefox on WINDOWS (728b38d4-4ebf-480d-9d21-445f26573235)] -&amp;gt; xpath: //*[@class=&amp;apos;_3wU53n&amp;apos;]], [[FirefoxDriver: firefox on WINDOWS (728b38d4-4ebf-480d-9d21-445f26573235)] -&amp;gt; xpath: //*[@class=&amp;apos;_3wU53n&amp;apos;]], [[FirefoxDriver: firefox on WINDOWS (728b38d4-4ebf-480d-9d21-445f26573235)] -&amp;gt; xpath: //*[@class=&amp;apos;_3wU53n&amp;apos;]], [[FirefoxDriver: firefox on WINDOWS (728b38d4-4ebf-480d-9d21-445f26573235)] -&amp;gt; xpath: //*[@class=&amp;apos;_3wU53n&amp;apos;]]] (tried for 30 second(s) with 500 milliseconds interval)
Build info: version: &amp;apos;4.0.0-alpha-6&amp;apos;, revision: &amp;apos;5f43a29cfc&amp;apos;
System info: host: &amp;apos;DESKTOP-HV34TKK&amp;apos;, ip: &amp;apos;192.168.0.108&amp;apos;, os.name: &amp;apos;Windows 10&amp;apos;, os.arch: &amp;apos;amd64&amp;apos;, os.version: &amp;apos;10.0&amp;apos;, java.version: &amp;apos;13.0.2&amp;apos;
Driver info: org.openqa.selenium.firefox.FirefoxDriver
Capabilities {acceptInsecureCerts: true, browserName: firefox, browserVersion: 81.0, javascriptEnabled: true, moz:accessibilityChecks: false, moz:buildID: 20200917005511, moz:geckodriverVersion: 0.27.0, moz:headless: false, moz:processID: 30164, moz:profile: C:\Users\91810\AppData\Loca..., moz:shutdownTimeout: 60000, moz:useNonSpecCompliantPointerOrigin: false, moz:webdriverClick: true, pageLoadStrategy: normal, platform: WINDOWS, platformName: WINDOWS, platformVersion: 10.0, rotatable: false, setWindowRect: true, strictFileInteractability: false, timeouts: {implicit: 0, pageLoad: 300000, script: 30000}, unhandledPromptBehavior: dismiss and notify}
Session ID: 728b38d4-4ebf-480d-9d21-445f26573235">
      <![CDATA[org.openqa.selenium.TimeoutException: Expected condition failed: waiting for invisibility of all elements [[[FirefoxDriver: firefox on WINDOWS (728b38d4-4ebf-480d-9d21-445f26573235)] -> xpath: //*[@class='_3wU53n']], [[FirefoxDriver: firefox on WINDOWS (728b38d4-4ebf-480d-9d21-445f26573235)] -> xpath: //*[@class='_3wU53n']], [[FirefoxDriver: firefox on WINDOWS (728b38d4-4ebf-480d-9d21-445f26573235)] -> xpath: //*[@class='_3wU53n']], [[FirefoxDriver: firefox on WINDOWS (728b38d4-4ebf-480d-9d21-445f26573235)] -> xpath: //*[@class='_3wU53n']], [[FirefoxDriver: firefox on WINDOWS (728b38d4-4ebf-480d-9d21-445f26573235)] -> xpath: //*[@class='_3wU53n']], [[FirefoxDriver: firefox on WINDOWS (728b38d4-4ebf-480d-9d21-445f26573235)] -> xpath: //*[@class='_3wU53n']], [[FirefoxDriver: firefox on WINDOWS (728b38d4-4ebf-480d-9d21-445f26573235)] -> xpath: //*[@class='_3wU53n']], [[FirefoxDriver: firefox on WINDOWS (728b38d4-4ebf-480d-9d21-445f26573235)] -> xpath: //*[@class='_3wU53n']], [[FirefoxDriver: firefox on WINDOWS (728b38d4-4ebf-480d-9d21-445f26573235)] -> xpath: //*[@class='_3wU53n']], [[FirefoxDriver: firefox on WINDOWS (728b38d4-4ebf-480d-9d21-445f26573235)] -> xpath: //*[@class='_3wU53n']], [[FirefoxDriver: firefox on WINDOWS (728b38d4-4ebf-480d-9d21-445f26573235)] -> xpath: //*[@class='_3wU53n']], [[FirefoxDriver: firefox on WINDOWS (728b38d4-4ebf-480d-9d21-445f26573235)] -> xpath: //*[@class='_3wU53n']], [[FirefoxDriver: firefox on WINDOWS (728b38d4-4ebf-480d-9d21-445f26573235)] -> xpath: //*[@class='_3wU53n']], [[FirefoxDriver: firefox on WINDOWS (728b38d4-4ebf-480d-9d21-445f26573235)] -> xpath: //*[@class='_3wU53n']], [[FirefoxDriver: firefox on WINDOWS (728b38d4-4ebf-480d-9d21-445f26573235)] -> xpath: //*[@class='_3wU53n']], [[FirefoxDriver: firefox on WINDOWS (728b38d4-4ebf-480d-9d21-445f26573235)] -> xpath: //*[@class='_3wU53n']], [[FirefoxDriver: firefox on WINDOWS (728b38d4-4ebf-480d-9d21-445f26573235)] -> xpath: //*[@class='_3wU53n']], [[FirefoxDriver: firefox on WINDOWS (728b38d4-4ebf-480d-9d21-445f26573235)] -> xpath: //*[@class='_3wU53n']], [[FirefoxDriver: firefox on WINDOWS (728b38d4-4ebf-480d-9d21-445f26573235)] -> xpath: //*[@class='_3wU53n']], [[FirefoxDriver: firefox on WINDOWS (728b38d4-4ebf-480d-9d21-445f26573235)] -> xpath: //*[@class='_3wU53n']], [[FirefoxDriver: firefox on WINDOWS (728b38d4-4ebf-480d-9d21-445f26573235)] -> xpath: //*[@class='_3wU53n']], [[FirefoxDriver: firefox on WINDOWS (728b38d4-4ebf-480d-9d21-445f26573235)] -> xpath: //*[@class='_3wU53n']], [[FirefoxDriver: firefox on WINDOWS (728b38d4-4ebf-480d-9d21-445f26573235)] -> xpath: //*[@class='_3wU53n']], [[FirefoxDriver: firefox on WINDOWS (728b38d4-4ebf-480d-9d21-445f26573235)] -> xpath: //*[@class='_3wU53n']]] (tried for 30 second(s) with 500 milliseconds interval)
Build info: version: '4.0.0-alpha-6', revision: '5f43a29cfc'
System info: host: 'DESKTOP-HV34TKK', ip: '192.168.0.108', os.name: 'Windows 10', os.arch: 'amd64', os.version: '10.0', java.version: '13.0.2'
Driver info: org.openqa.selenium.firefox.FirefoxDriver
Capabilities {acceptInsecureCerts: true, browserName: firefox, browserVersion: 81.0, javascriptEnabled: true, moz:accessibilityChecks: false, moz:buildID: 20200917005511, moz:geckodriverVersion: 0.27.0, moz:headless: false, moz:processID: 30164, moz:profile: C:\Users\91810\AppData\Loca..., moz:shutdownTimeout: 60000, moz:useNonSpecCompliantPointerOrigin: false, moz:webdriverClick: true, pageLoadStrategy: normal, platform: WINDOWS, platformName: WINDOWS, platformVersion: 10.0, rotatable: false, setWindowRect: true, strictFileInteractability: false, timeouts: {implicit: 0, pageLoad: 300000, script: 30000}, unhandledPromptBehavior: dismiss and notify}
Session ID: 728b38d4-4ebf-480d-9d21-445f26573235
at org.openqa.selenium.support.ui.WebDriverWait.timeoutException(WebDriverWait.java:138)
at org.openqa.selenium.support.ui.FluentWait.lambda$checkConditionInLoop$2(FluentWait.java:255)
at java.base/java.util.concurrent.CompletableFuture$AsyncSupply.run(CompletableFuture.java:1771)
at java.base/java.util.concurrent.CompletableFuture$AsyncSupply.exec(CompletableFuture.java:1763)
at java.base/java.util.concurrent.ForkJoinTask.doExec(ForkJoinTask.java:290)
at java.base/java.util.concurrent.ForkJoinPool$WorkQueue.topLevelExec(ForkJoinPool.java:1016)
at java.base/java.util.concurrent.ForkJoinPool.scan(ForkJoinPool.java:1665)
at java.base/java.util.concurrent.ForkJoinPool.runWorker(ForkJoinPool.java:1598)
at java.base/java.util.concurrent.ForkJoinWorkerThread.run(ForkJoinWorkerThread.java:177)
]]>
    </failure>
  </testcase> <!-- getProductDetailsTest -->
</testsuite> <!-- FirefoxTest -->
